<?xml version="1.0" encoding="UTF-8"?>
<!-- Generated by org.testng.reporters.JUnitReportReporter -->
<testsuite skipped="0" hostname="LAPTOP-3HLSBHR8" name="DemoTest.TestNGDemoClass.DemoTest" tests="1" failures="0" timestamp="01 Feb 2019 11:43:41 GMT" time="38.180" errors="0">
  <testcase name="getChorme" time="38.180" classname="DemoTest.TestNGDemoClass.DemoTest"/>
</testsuite> <!-- DemoTest.TestNGDemoClass.DemoTest -->
